# JRE version: OpenJDK Runtime Environment (8.0_112-b06) (build 1.8.0_112-release-b06)
# Java VM: OpenJDK 64-Bit Server VM (25.112-b06 mixed mode windows-amd64 compressed oops)
Heap:
 PSYoungGen      total 326144K, used 19894K [0x00000000e0000000, 0x00000000f7a00000, 0x0000000100000000)
  eden space 294400K, 0% used [0x00000000e0000000,0x00000000e0000000,0x00000000f1f80000)
  from space 31744K, 62% used [0x00000000f3f00000,0x00000000f526d880,0x00000000f5e00000)
  to   space 32256K, 0% used [0x00000000f1f80000,0x00000000f1f80000,0x00000000f3f00000)
 ParOldGen       total 107008K, used 53664K [0x00000000a0000000, 0x00000000a6880000, 0x00000000e0000000)
  object space 107008K, 50% used [0x00000000a0000000,0x00000000a34682a8,0x00000000a6880000)
 Metaspace       used 56148K, capacity 59044K, committed 59160K, reserved 1099776K
  class space    used 7587K, capacity 8260K, committed 8320K, reserved 1048576K
GC Heap History (10 events):
Event: 15.591 GC heap after
Heap after GC invocations=8 (full 2):
 PSYoungGen      total 164864K, used 0K [0x00000000e0000000, 0x00000000ebb80000, 0x0000000100000000)
  eden space 152576K, 0% used [0x00000000e0000000,0x00000000e0000000,0x00000000e9500000)
  from space 12288K, 0% used [0x00000000ea200000,0x00000000ea200000,0x00000000eae00000)
  to   space 13312K, 0% used [0x00000000e9500000,0x00000000e9500000,0x00000000ea200000)
 ParOldGen       total 107008K, used 17984K [0x00000000a0000000, 0x00000000a6880000, 0x00000000e0000000)
  object space 107008K, 16% used [0x00000000a0000000,0x00000000a11903f8,0x00000000a6880000)
 Metaspace       used 34507K, capacity 35318K, committed 35496K, reserved 1079296K
  class space    used 4649K, capacity 4858K, committed 4864K, reserved 1048576K
}
Event: 17.760 GC heap before
{Heap before GC invocations=9 (full 2):
 PSYoungGen      total 164864K, used 152576K [0x00000000e0000000, 0x00000000ebb80000, 0x0000000100000000)
  eden space 152576K, 100% used [0x00000000e0000000,0x00000000e9500000,0x00000000e9500000)
  from space 12288K, 0% used [0x00000000ea200000,0x00000000ea200000,0x00000000eae00000)
  to   space 13312K, 0% used [0x00000000e9500000,0x00000000e9500000,0x00000000ea200000)
 ParOldGen       total 107008K, used 17984K [0x00000000a0000000, 0x00000000a6880000, 0x00000000e0000000)
  object space 107008K, 16% used [0x00000000a0000000,0x00000000a11903f8,0x00000000a6880000)
 Metaspace       used 43631K, capacity 44710K, committed 44800K, reserved 1087488K
  class space    used 5854K, capacity 6127K, committed 6144K, reserved 1048576K
Event: 17.772 GC heap after
Heap after GC invocations=9 (full 2):
 PSYoungGen      total 165888K, used 13307K [0x00000000e0000000, 0x00000000efc00000, 0x0000000100000000)
  eden space 152576K, 0% used [0x00000000e0000000,0x00000000e0000000,0x00000000e9500000)
  from space 13312K, 99% used [0x00000000e9500000,0x00000000ea1fefd8,0x00000000ea200000)
  to   space 15360K, 0% used [0x00000000eed00000,0x00000000eed00000,0x00000000efc00000)
 ParOldGen       total 107008K, used 18162K [0x00000000a0000000, 0x00000000a6880000, 0x00000000e0000000)
  object space 107008K, 16% used [0x00000000a0000000,0x00000000a11bcac0,0x00000000a6880000)
 Metaspace       used 43631K, capacity 44710K, committed 44800K, reserved 1087488K
  class space    used 5854K, capacity 6127K, committed 6144K, reserved 1048576K
}
Event: 19.803 GC heap before
{Heap before GC invocations=10 (full 2):
 PSYoungGen      total 165888K, used 165883K [0x00000000e0000000, 0x00000000efc00000, 0x0000000100000000)
  eden space 152576K, 100% used [0x00000000e0000000,0x00000000e9500000,0x00000000e9500000)
  from space 13312K, 99% used [0x00000000e9500000,0x00000000ea1fefd8,0x00000000ea200000)
  to   space 15360K, 0% used [0x00000000eed00000,0x00000000eed00000,0x00000000efc00000)
 ParOldGen       total 107008K, used 18162K [0x00000000a0000000, 0x00000000a6880000, 0x00000000e0000000)
  object space 107008K, 16% used [0x00000000a0000000,0x00000000a11bcac0,0x00000000a6880000)
 Metaspace       used 48553K, capacity 50152K, committed 50560K, reserved 1093632K
  class space    used 6548K, capacity 6916K, committed 7040K, reserved 1048576K
Event: 19.831 GC heap after
Heap after GC invocations=10 (full 2):
 PSYoungGen      total 238592K, used 15343K [0x00000000e0000000, 0x00000000f0780000, 0x0000000100000000)
  eden space 223232K, 0% used [0x00000000e0000000,0x00000000e0000000,0x00000000eda00000)
  from space 15360K, 99% used [0x00000000eed00000,0x00000000efbfbff0,0x00000000efc00000)
  to   space 19456K, 0% used [0x00000000eda00000,0x00000000eda00000,0x00000000eed00000)
 ParOldGen       total 107008K, used 23073K [0x00000000a0000000, 0x00000000a6880000, 0x00000000e0000000)
  object space 107008K, 21% used [0x00000000a0000000,0x00000000a16884d0,0x00000000a6880000)
 Metaspace       used 48553K, capacity 50152K, committed 50560K, reserved 1093632K
  class space    used 6548K, capacity 6916K, committed 7040K, reserved 1048576K
}
Event: 22.836 GC heap before
{Heap before GC invocations=11 (full 2):
 PSYoungGen      total 238592K, used 238575K [0x00000000e0000000, 0x00000000f0780000, 0x0000000100000000)
  eden space 223232K, 100% used [0x00000000e0000000,0x00000000eda00000,0x00000000eda00000)
  from space 15360K, 99% used [0x00000000eed00000,0x00000000efbfbff0,0x00000000efc00000)
  to   space 19456K, 0% used [0x00000000eda00000,0x00000000eda00000,0x00000000eed00000)
 ParOldGen       total 107008K, used 23073K [0x00000000a0000000, 0x00000000a6880000, 0x00000000e0000000)
  object space 107008K, 21% used [0x00000000a0000000,0x00000000a16884d0,0x00000000a6880000)
 Metaspace       used 54949K, capacity 57498K, committed 57728K, reserved 1099776K
  class space    used 7393K, capacity 7969K, committed 8064K, reserved 1048576K
Event: 22.880 GC heap after
Heap after GC invocations=11 (full 2):
 PSYoungGen      total 242688K, used 19424K [0x00000000e0000000, 0x00000000f5e00000, 0x0000000100000000)
  eden space 223232K, 0% used [0x00000000e0000000,0x00000000e0000000,0x00000000eda00000)
  from space 19456K, 99% used [0x00000000eda00000,0x00000000eecf81f8,0x00000000eed00000)
  to   space 31744K, 0% used [0x00000000f3f00000,0x00000000f3f00000,0x00000000f5e00000)
 ParOldGen       total 107008K, used 46646K [0x00000000a0000000, 0x00000000a6880000, 0x00000000e0000000)
  object space 107008K, 43% used [0x00000000a0000000,0x00000000a2d8d880,0x00000000a6880000)
 Metaspace       used 54949K, capacity 57498K, committed 57728K, reserved 1099776K
  class space    used 7393K, capacity 7969K, committed 8064K, reserved 1048576K
}
Event: 23.373 GC heap before
{Heap before GC invocations=12 (full 2):
 PSYoungGen      total 242688K, used 74872K [0x00000000e0000000, 0x00000000f5e00000, 0x0000000100000000)
  eden space 223232K, 24% used [0x00000000e0000000,0x00000000e36261c8,0x00000000eda00000)
  from space 19456K, 99% used [0x00000000eda00000,0x00000000eecf81f8,0x00000000eed00000)
  to   space 31744K, 0% used [0x00000000f3f00000,0x00000000f3f00000,0x00000000f5e00000)
 ParOldGen       total 107008K, used 46646K [0x00000000a0000000, 0x00000000a6880000, 0x00000000e0000000)
  object space 107008K, 43% used [0x00000000a0000000,0x00000000a2d8d880,0x00000000a6880000)
 Metaspace       used 56148K, capacity 59044K, committed 59160K, reserved 1099776K
  class space    used 7587K, capacity 8260K, committed 8320K, reserved 1048576K
Event: 23.415 GC heap after
Heap after GC invocations=12 (full 2):
 PSYoungGen      total 326144K, used 19894K [0x00000000e0000000, 0x00000000f7a00000, 0x0000000100000000)
  eden space 294400K, 0% used [0x00000000e0000000,0x00000000e0000000,0x00000000f1f80000)
  from space 31744K, 62% used [0x00000000f3f00000,0x00000000f526d880,0x00000000f5e00000)
  to   space 32256K, 0% used [0x00000000f1f80000,0x00000000f1f80000,0x00000000f3f00000)
 ParOldGen       total 107008K, used 53664K [0x00000000a0000000, 0x00000000a6880000, 0x00000000e0000000)
  object space 107008K, 50% used [0x00000000a0000000,0x00000000a34682a8,0x00000000a6880000)
 Metaspace       used 56148K, capacity 59044K, committed 59160K, reserved 1099776K
  class space    used 7587K, capacity 8260K, committed 8320K, reserved 1048576K
}
Event: 23.415 GC heap before
{Heap before GC invocations=13 (full 3):
 PSYoungGen      total 326144K, used 19894K [0x00000000e0000000, 0x00000000f7a00000, 0x0000000100000000)
  eden space 294400K, 0% used [0x00000000e0000000,0x00000000e0000000,0x00000000f1f80000)
  from space 31744K, 62% used [0x00000000f3f00000,0x00000000f526d880,0x00000000f5e00000)
  to   space 32256K, 0% used [0x00000000f1f80000,0x00000000f1f80000,0x00000000f3f00000)
 ParOldGen       total 107008K, used 53664K [0x00000000a0000000, 0x00000000a6880000, 0x00000000e0000000)
  object space 107008K, 50% used [0x00000000a0000000,0x00000000a34682a8,0x00000000a6880000)
 Metaspace       used 56148K, capacity 59044K, committed 59160K, reserved 1099776K
  class space    used 7587K, capacity 8260K, committed 8320K, reserved 1048576K

